#
# A fatal error has been detected by the Java Runtime Environment:
#
#  EXCEPTION_ACCESS_VIOLATION (0xc0000005) at pc=0x00007ff8ce0926c4, pid=6116, tid=15076
#
# JRE version: Java(TM) SE Runtime Environment (24.0+36) (build 24+36-3646)
# Java VM: Java HotSpot(TM) 64-Bit Server VM (24+36-3646, mixed mode, emulated-client, sharing, tiered, compressed oops, compressed class ptrs, g1 gc, windows-amd64)
# Problematic frame:
# C  [libasyncProfiler.dll+0x926c4]
#
# No core dump will be written. Minidumps are not enabled by default on client versions of Windows
#
# JFR recording file will be written. Location: C:\Users\andre\Documents\dev\courses-studies\Spring Boot (luv2code)\Class15 - Lazy Initialization\app\hs_err_pid6116.jfr
#
# If you would like to submit a bug report, please visit:
#   https://bugreport.java.com/bugreport/crash.jsp
# The crash happened outside the Java Virtual Machine in native code.
# See problematic frame for where to report the bug.
#

---------------  S U M M A R Y ------------

Command Line: -XX:TieredStopAtLevel=1 -Dspring.output.ansi.enabled=always -Dcom.sun.management.jmxremote -Dspring.jmx.enabled=true -Dspring.liveBeansView.mbeanDomain -Dspring.application.admin.enabled=true -Dmanagement.endpoints.jmx.exposure.include=* -javaagent:C:\Program Files\JetBrains\IntelliJ IDEA 2025.1.2\lib\idea_rt.jar=61340 -Dfile.encoding=UTF-8 -Dsun.stdout.encoding=UTF-8 -Dsun.stderr.encoding=UTF-8 com.andre.app.AppApplication

Host: AMD Ryzen 7 5700U with Radeon Graphics         , 16 cores, 9G,  Windows 10 , 64 bit Build 19041 (10.0.19041.5915)
Time: Fri Jun 20 12:57:46 2025 E. South America Standard Time elapsed time: 8.748689 seconds (0d 0h 0m 8s)

---------------  T H R E A D  ---------------

Current thread (0x000001a158899750):  JavaThread "Attach Listener" daemon [_thread_in_native, id=15076, stack(0x00000042fee00000,0x00000042fef00000) (1024K)]

Stack: [0x00000042fee00000,0x00000042fef00000],  sp=0x00000042feeff240,  free space=1020k
Native frames: (J=compiled Java code, j=interpreted, Vv=VM code, C=native code)
C  [libasyncProfiler.dll+0x926c4]  (no source info available)
C  [libasyncProfiler.dll+0x92b9b]  (no source info available)
C  [libasyncProfiler.dll+0x917f4]  (no source info available)
C  [libasyncProfiler.dll+0x9206a]  (no source info available)
C  [libasyncProfiler.dll+0x8cc21]  (no source info available)
C  [libasyncProfiler.dll+0x7e5e1]  (no source info available)
C  [libasyncProfiler.dll+0x7d2f8]  (no source info available)
C  [libasyncProfiler.dll+0x7d1e0]  (no source info available)
C  [libasyncProfiler.dll+0x841b9]  (no source info available)
V  [jvm.dll+0x57f1b7]  (no source info available)
V  [jvm.dll+0x57ff2c]  (no source info available)
V  [jvm.dll+0x14c9b7]  (no source info available)
V  [jvm.dll+0x14df81]  (no source info available)
V  [jvm.dll+0x42f566]  (no source info available)
V  [jvm.dll+0x87d8fb]  (no source info available)
V  [jvm.dll+0x72efe5]  (no source info available)
C  [ucrtbase.dll+0x21bb2]  (no source info available)
C  [KERNEL32.DLL+0x17374]  (no source info available)
C  [ntdll.dll+0x4cc91]  (no source info available)


siginfo: EXCEPTION_ACCESS_VIOLATION (0xc0000005), reading address 0xffffffffffffffff


Registers:
RAX=0x0000000000000010, RBX=0x0000000000000000, RCX=0xffffffffffffffff, RDX=0x007ff8c77b2ff010
RSP=0x00000042feeff240, RBP=0x000001a142ac3928, RSI=0x00000042feeff3b0, RDI=0x000001a142ac3928
R8 =0x0000000000000042, R9 =0x0000000762625330, R10=0x00007ff8c7a29fc0, R11=0x000000000000000e
R12=0x00000042feeff3b0, R13=0x000001a142a64c30, R14=0x000001a158899b18, R15=0x000001a158899b18
RIP=0x00007ff8ce0926c4, EFLAGS=0x0000000000010202

XMM[0]=0x0000000000000000 0x0000000000000000
XMM[1]=0x0000000000000000 0x0000000000000000
XMM[2]=0x0000000000000000 0x0000000000000000
XMM[3]=0x0000000000000000 0x0000000000000000
XMM[4]=0x0000000000000000 0x0000000000000000
XMM[5]=0x0000000000000000 0x0000000000000000
XMM[6]=0x0000000000000000 0x0000000000000000
XMM[7]=0x0000000000000000 0x0000000000000000
XMM[8]=0x0000000000000000 0x0000000000000000
XMM[9]=0x0000000000000000 0x0000000000000000
XMM[10]=0x0000000000000000 0x0000000000000000
XMM[11]=0x0000000000000000 0x0000000000000000
XMM[12]=0x0000000000000000 0x0000000000000000
XMM[13]=0x0000000000000000 0x0000000000000000
XMM[14]=0x0000000000000000 0x0000000000000000
XMM[15]=0x0000000000000000 0x0000000000000000
  MXCSR=0x00001fa0


Register to memory mapping:

RAX=0x0000000000000010 is an unknown value
RBX=0x0 is null
RCX=0xffffffffffffffff is an unknown value
RDX=0x007ff8c77b2ff010 is an unknown value
RSP=0x00000042feeff240 is pointing into the stack for thread: 0x000001a158899750
RBP=0x000001a142ac3928 points into unknown readable memory: 0x0000000762625330 | 30 53 62 62 07 00 00 00
RSI=0x00000042feeff3b0 is pointing into the stack for thread: 0x000001a158899750
RDI=0x000001a142ac3928 points into unknown readable memory: 0x0000000762625330 | 30 53 62 62 07 00 00 00
R8 =0x0000000000000042 is an unknown value
R9 =0x0000000762625330 is an oop: java.lang.ref.Reference$ReferenceHandler 
{0x0000000762625330} - klass: 'java/lang/ref/Reference$ReferenceHandler' - flags: 

 - ---- fields (total size 14 words):
 - 'threadLocalRandomProbe' 'I' @12  0 (0x00000000)
 - private volatile 'eetop' 'J' @16  1792486754512 (0x000001a1588948d0)
 - private final 'tid' 'J' @24  15 (0x000000000000000f)
 - 'threadLocalRandomSeed' 'J' @32  0 (0x0000000000000000)
 - injected 'jvmti_thread_state' 'J' @40  1792116724544 (0x000001a1427b1340)
 - 'threadLocalRandomSecondarySeed' 'I' @48  0 (0x00000000)
 - injected 'jvmti_VTMS_transition_disable_count' 'I' @52  0 (0x00000000)
 - injected 'jfr_epoch' 'S' @56  0 (0x0000)
 - volatile 'interrupted' 'Z' @58  false (0x00)
 - injected 'jvmti_is_in_VTMS_transition' 'Z' @59  false (0x00)
 - private volatile 'name' 'Ljava/lang/String;' @60  "Reference Handler"{0x0000000762e06d68} (0xec5c0dad)
 - private volatile 'contextClassLoader' 'Ljava/lang/ClassLoader;' @64  null (0x00000000)
 - private final 'holder' 'Ljava/lang/Thread$FieldHolder;' @68  a 'java/lang/Thread$FieldHolder'{0x00000007628c00c8} (0xec518019)
 - 'threadLocals' 'Ljava/lang/ThreadLocal$ThreadLocalMap;' @72  null (0x00000000)
 - 'inheritableThreadLocals' 'Ljava/lang/ThreadLocal$ThreadLocalMap;' @76  null (0x00000000)
 - private 'scopedValueBindings' 'Ljava/lang/Object;' @80  a 'java/lang/Class'{0x0000000762e055f0} = 'java/lang/Thread' (0xec5c0abe)
 - final 'interruptLock' 'Ljava/lang/Object;' @84  a 'java/lang/Object'{0x00000007628c00f0} (0xec51801e)
 - private volatile 'parkBlocker' 'Ljava/lang/Object;' @88  null (0x00000000)
 - private 'nioBlocker' 'Lsun/nio/ch/Interruptible;' @92  null (0x00000000)
 - private 'cont' 'Ljdk/internal/vm/Continuation;' @96  null (0x00000000)
 - private volatile 'uncaughtExceptionHandler' 'Ljava/lang/Thread$UncaughtExceptionHandler;' @100  null (0x00000000)
 - private 'container' 'Ljdk/internal/vm/ThreadContainer;' @104  null (0x00000000)
 - private volatile 'headStackableScopes' 'Ljdk/internal/vm/StackableScope;' @108  null (0x00000000)
R10=0x00007ff8c7a29fc0 jvm.dll
R11=0x000000000000000e is an unknown value
R12=0x00000042feeff3b0 is pointing into the stack for thread: 0x000001a158899750
R13=0x000001a142a64c30 points into unknown readable memory: 0x00007ff8c799a510 | 10 a5 99 c7 f8 7f 00 00
R14=0x000001a158899b18 points into unknown readable memory: 0x00007ff8c79917b0 | b0 17 99 c7 f8 7f 00 00
R15=0x000001a158899b18 points into unknown readable memory: 0x00007ff8c79917b0 | b0 17 99 c7 f8 7f 00 00

Top of Stack: (sp=0x00000042feeff240)
0x00000042feeff240:   00000042feeff3b0 000001a142ac3928   ....B...(9.B....
0x00000042feeff250:   0000000000000000 000001a158899ea0   ...........X....
0x00000042feeff260:   000000000000003e 00007ff8ce092b9b   >........+......
0x00000042feeff270:   0000000000000000 000001a158899b18   ...........X....
0x00000042feeff280:   00000042feeff301 0000000000000000   ....B...........
0x00000042feeff290:   000001a1413d53a0 00007ff8ce0917f4   .S=A............
0x00000042feeff2a0:   0000000000000000 000000000000003e   ........>.......
0x00000042feeff2b0:   0000000000000000 000000000000003e   ........>.......
0x00000042feeff2c0:   0000001f00000000 000001a1415c0520   ........ .\A....
0x00000042feeff2d0:   000001a1413d53a0 000001a1413d5498   .S=A.....T=A....
0x00000042feeff2e0:   000001a1413d549c 000000000000244c   .T=A....L$......
0x00000042feeff2f0:   0000000000000000 0000000000000000   ................
0x00000042feeff300:   0000000000000000 00007ff8c71f58e4   .........X......
0x00000042feeff310:   00007ff8ce1d4ca0 00000000000017e4   .L..............
0x00000042feeff320:   00007ff8ce1d4ca0 00000000ffffffff   .L..............
0x00000042feeff330:   0000000000000000 00007ff8ce09206a   ........j ......
0x00000042feeff340:   000001a158899b18 0000000000000000   ...X............
0x00000042feeff350:   00000042feeff3b9 000001a142a64c30   ....B...0L.B....
0x00000042feeff360:   0000000000000003 0000000000000048   ........H.......
0x00000042feeff370:   0000000800800310 0000000000000020   ........ .......
0x00000042feeff380:   000001a158899b18 00007ff8ce1d4ca0   ...X.....L......
0x00000042feeff390:   000001a1467e00b0 000001a1427b1340   ..~F....@.{B....
0x00000042feeff3a0:   0000000800800390 000001a158899b18   ...........X....
0x00000042feeff3b0:   000001a1419905b0 000001a141990d70   ...A....p..A....
0x00000042feeff3c0:   000001a141990d70 00007ff8ce1d4ca0   p..A.....L......
0x00000042feeff3d0:   00000042feeff548 000001a144480000   H...B.....HD....
0x00000042feeff3e0:   00000042feeff680 0000000000008840   ....B...@.......
0x00000042feeff3f0:   00000042feeff860 00007ff8ce1d4cf0   `...B....L......
0x00000042feeff400:   0000000000989680 0000000000989680   ................
0x00000042feeff410:   00000042feeff520 00007ff8ce08cc21    ...B...!.......
0x00000042feeff420:   00007ff8ce1d4ca0 00007ff8ce1d4cf8   .L.......L......
0x00000042feeff430:   00007ff800000000 00007ff800000001   ................

Instructions: (pc=0x00007ff8ce0926c4)
  0x00007ff8ce0925c4:   cc cc cc cc cc cc cc cc cc cc cc cc cc cc cc cc
  0x00007ff8ce0925d4:   cc cc cc cc cc cc cc cc cc cc cc cc cc cc cc cc
  0x00007ff8ce0925e4:   cc cc cc cc cc cc cc cc cc cc cc cc cc cc cc cc
  0x00007ff8ce0925f4:   cc cc cc cc cc cc cc cc cc cc cc cc cc cc cc cc
  0x00007ff8ce092604:   cc cc cc cc cc cc cc cc cc cc cc cc cc cc cc cc
  0x00007ff8ce092614:   cc cc cc cc cc cc cc cc cc cc cc cc cc cc cc cc
  0x00007ff8ce092624:   cc cc cc cc cc cc cc cc cc cc cc cc cc cc cc cc
  0x00007ff8ce092634:   cc cc cc cc cc cc cc cc cc cc cc cc cc cc cc cc
  0x00007ff8ce092644:   cc cc cc cc cc cc cc cc cc cc cc cc 40 57 48 83
  0x00007ff8ce092654:   ec 20 48 8b f9 48 8b 0d 10 28 14 00 48 85 c9 74
  0x00007ff8ce092664:   20 48 8b 01 48 8d 54 24 38 41 b8 06 00 01 00 4c
  0x00007ff8ce092674:   8b 48 30 41 ff d1 85 c0 75 07 48 8b 4c 24 38 eb
  0x00007ff8ce092684:   02 33 c9 4c 8b 05 ea 28 14 00 48 89 5c 24 30 4d
  0x00007ff8ce092694:   85 c0 74 4a 48 8b 01 48 8b d7 4c 8b 88 28 03 00
  0x00007ff8ce0926a4:   00 41 ff d1 48 85 c0 74 35 48 63 0d f8 e6 13 00
  0x00007ff8ce0926b4:   48 8b 14 01 48 85 d2 74 15 48 63 05 fc e6 13 00
=>0x00007ff8ce0926c4:   8b 04 10 48 8b 5c 24 30 48 83 c4 20 5f c3 b8 ff
  0x00007ff8ce0926d4:   ff ff ff 48 8b 5c 24 30 48 83 c4 20 5f c3 80 3d
  0x00007ff8ce0926e4:   9b 27 14 00 00 bb ff ff ff ff 74 20 4c 8b 0d 31
  0x00007ff8ce0926f4:   24 14 00 4c 8d 44 24 38 48 8b 0d 15 24 14 00 48
  0x00007ff8ce092704:   8b d7 41 ff d1 85 c0 0f 44 5c 24 38 8b c3 48 8b
  0x00007ff8ce092714:   5c 24 30 48 83 c4 20 5f c3 cc cc cc cc cc cc cc
  0x00007ff8ce092724:   cc cc cc cc cc cc cc cc cc cc cc cc cc cc cc cc
  0x00007ff8ce092734:   cc cc cc cc cc cc cc cc cc cc cc cc cc cc cc cc
  0x00007ff8ce092744:   cc cc cc cc cc cc cc cc cc cc cc cc 48 89 54 24
  0x00007ff8ce092754:   10 53 55 56 57 41 56 41 57 48 83 ec 28 48 8b f2
  0x00007ff8ce092764:   4c 8b f1 48 89 4c 24 78 45 33 ff 44 89 7c 24 68
  0x00007ff8ce092774:   c7 44 24 60 01 00 00 00 48 8d 4c 24 68 e8 ed 42
  0x00007ff8ce092784:   f7 ff 8b d8 48 8d 4c 24 60 e8 e1 42 f7 ff 8b e8
  0x00007ff8ce092794:   49 8b ce e8 00 fc f6 ff 48 8b f8 90 8b c3 f0 0f
  0x00007ff8ce0927a4:   b1 2f 74 04 f3 90 eb f4 4c 89 3e 4c 89 7e 08 4c
  0x00007ff8ce0927b4:   89 7e 10 49 8b 6e 08 4d 8b 76 10 49 3b ee 0f 84


Stack slot to memory mapping:

stack at sp + 0 slots: 0x00000042feeff3b0 is pointing into the stack for thread: 0x000001a158899750
stack at sp + 1 slots: 0x000001a142ac3928 points into unknown readable memory: 0x0000000762625330 | 30 53 62 62 07 00 00 00
stack at sp + 2 slots: 0x0 is null
stack at sp + 3 slots: 0x000001a158899ea0 points into unknown readable memory: 0x6e616c2e6176616a | 6a 61 76 61 2e 6c 61 6e
stack at sp + 4 slots: 0x000000000000003e is an unknown value
stack at sp + 5 slots: 0x00007ff8ce092b9b libasyncProfiler.dll
stack at sp + 6 slots: 0x0 is null
stack at sp + 7 slots: 0x000001a158899b18 points into unknown readable memory: 0x00007ff8c79917b0 | b0 17 99 c7 f8 7f 00 00

Lock stack of current Java thread (top to bottom):


---------------  P R O C E S S  ---------------

Threads class SMR info:
_java_thread_list=0x000001a1417abfb0, length=37, elements={
0x000001a1588948d0, 0x000001a158895010, 0x000001a158898c20, 0x000001a158899750,
0x000001a15889a280, 0x000001a15889adb0, 0x000001a1588a7d50, 0x000001a1410805e0,
0x000001a141085f10, 0x000001a1410867f0, 0x000001a141305670, 0x000001a1413061c0,
0x000001a141aa53e0, 0x000001a141af6f30, 0x000001a141b0b230, 0x000001a141b17810,
0x000001a141b18f80, 0x000001a141d3a3d0, 0x000001a141d39c80, 0x000001a1427335c0,
0x000001a142732e70, 0x000001a142734bb0, 0x000001a142737040, 0x000001a142732720,
0x000001a142734460, 0x000001a142733d10, 0x000001a142735300, 0x000001a142735a50,
0x000001a142737790, 0x000001a1427361a0, 0x000001a142738630, 0x000001a1427368f0,
0x000001a142737ee0, 0x000001a142731fd0, 0x000001a142738d80, 0x000001a1427394d0,
0x000001a141808930
}

Java Threads: ( => current thread )
  0x000001a1588948d0 JavaThread "Reference Handler"          daemon [_thread_blocked, id=9524, stack(0x00000042feb00000,0x00000042fec00000) (1024K)]
  0x000001a158895010 JavaThread "Finalizer"                  daemon [_thread_blocked, id=1456, stack(0x00000042fec00000,0x00000042fed00000) (1024K)]
  0x000001a158898c20 JavaThread "Signal Dispatcher"          daemon [_thread_blocked, id=15328, stack(0x00000042fed00000,0x00000042fee00000) (1024K)]
=>0x000001a158899750 JavaThread "Attach Listener"            daemon [_thread_in_native, id=15076, stack(0x00000042fee00000,0x00000042fef00000) (1024K)]
  0x000001a15889a280 JavaThread "Service Thread"             daemon [_thread_blocked, id=10008, stack(0x00000042fef00000,0x00000042ff000000) (1024K)]
  0x000001a15889adb0 JavaThread "Monitor Deflation Thread"   daemon [_thread_blocked, id=15404, stack(0x00000042ff000000,0x00000042ff100000) (1024K)]
  0x000001a1588a7d50 JavaThread "C1 CompilerThread0"         daemon [_thread_blocked, id=16884, stack(0x00000042ff100000,0x00000042ff200000) (1024K)]
  0x000001a1410805e0 JavaThread "Common-Cleaner"             daemon [_thread_blocked, id=11892, stack(0x00000042ff200000,0x00000042ff300000) (1024K)]
  0x000001a141085f10 JavaThread "C1 CompilerThread1"         daemon [_thread_blocked, id=18248, stack(0x00000042ff300000,0x00000042ff400000) (1024K)]
  0x000001a1410867f0 JavaThread "C1 CompilerThread2"         daemon [_thread_blocked, id=11912, stack(0x00000042ff400000,0x00000042ff500000) (1024K)]
  0x000001a141305670 JavaThread "Monitor Ctrl-Break"         daemon [_thread_in_native, id=11252, stack(0x00000042ff500000,0x00000042ff600000) (1024K)]
  0x000001a1413061c0 JavaThread "Notification Thread"        daemon [_thread_blocked, id=5244, stack(0x00000042ff600000,0x00000042ff700000) (1024K)]
  0x000001a141aa53e0 JavaThread "C1 CompilerThread3"         daemon [_thread_blocked, id=8796, stack(0x00000042ff700000,0x00000042ff800000) (1024K)]
  0x000001a141af6f30 JavaThread "RMI TCP Accept-0"           daemon [_thread_in_native, id=15308, stack(0x00000042ff800000,0x00000042ff900000) (1024K)]
  0x000001a141b0b230 JavaThread "RMI TCP Connection(1)-192.168.18.17" daemon [_thread_in_native, id=15780, stack(0x00000042ff900000,0x00000042ffa00000) (1024K)]
  0x000001a141b17810 JavaThread "RMI Scheduler(0)"           daemon [_thread_blocked, id=14428, stack(0x00000042ffa00000,0x00000042ffb00000) (1024K)]
  0x000001a141b18f80 JavaThread "JMX server connection timeout 40" daemon [_thread_blocked, id=2668, stack(0x00000042ffb00000,0x00000042ffc00000) (1024K)]
  0x000001a141d3a3d0 JavaThread "Catalina-utility-1"                [_thread_blocked, id=16364, stack(0x0000004280d00000,0x0000004280e00000) (1024K)]
  0x000001a141d39c80 JavaThread "Catalina-utility-2"                [_thread_blocked, id=14452, stack(0x0000004280e00000,0x0000004280f00000) (1024K)]
  0x000001a1427335c0 JavaThread "container-0"                       [_thread_blocked, id=2492, stack(0x0000004280f00000,0x0000004281000000) (1024K)]
  0x000001a142732e70 JavaThread "File Watcher"               daemon [_thread_blocked, id=16640, stack(0x0000004281000000,0x0000004281100000) (1024K)]
  0x000001a142734bb0 JavaThread "http-nio-8080-exec-1"       daemon [_thread_blocked, id=3032, stack(0x0000004281100000,0x0000004281200000) (1024K)]
  0x000001a142737040 JavaThread "http-nio-8080-exec-2"       daemon [_thread_blocked, id=16492, stack(0x0000004281200000,0x0000004281300000) (1024K)]
  0x000001a142732720 JavaThread "http-nio-8080-exec-3"       daemon [_thread_blocked, id=9436, stack(0x0000004281300000,0x0000004281400000) (1024K)]
  0x000001a142734460 JavaThread "http-nio-8080-exec-4"       daemon [_thread_blocked, id=17536, stack(0x0000004281400000,0x0000004281500000) (1024K)]
  0x000001a142733d10 JavaThread "http-nio-8080-exec-5"       daemon [_thread_blocked, id=16976, stack(0x0000004281500000,0x0000004281600000) (1024K)]
  0x000001a142735300 JavaThread "http-nio-8080-exec-6"       daemon [_thread_blocked, id=11104, stack(0x0000004281600000,0x0000004281700000) (1024K)]
  0x000001a142735a50 JavaThread "http-nio-8080-exec-7"       daemon [_thread_blocked, id=14868, stack(0x0000004281700000,0x0000004281800000) (1024K)]
  0x000001a142737790 JavaThread "http-nio-8080-exec-8"       daemon [_thread_blocked, id=12492, stack(0x0000004281800000,0x0000004281900000) (1024K)]
  0x000001a1427361a0 JavaThread "http-nio-8080-exec-9"       daemon [_thread_blocked, id=15628, stack(0x0000004281900000,0x0000004281a00000) (1024K)]
  0x000001a142738630 JavaThread "http-nio-8080-exec-10"      daemon [_thread_blocked, id=18372, stack(0x0000004281a00000,0x0000004281b00000) (1024K)]
  0x000001a1427368f0 JavaThread "http-nio-8080-Poller"       daemon [_thread_in_native, id=2604, stack(0x0000004281b00000,0x0000004281c00000) (1024K)]
  0x000001a142737ee0 JavaThread "http-nio-8080-Acceptor"     daemon [_thread_in_native, id=18368, stack(0x0000004281c00000,0x0000004281d00000) (1024K)]
  0x000001a142731fd0 JavaThread "Live Reload Server"         daemon [_thread_in_native, id=4252, stack(0x0000004281e00000,0x0000004281f00000) (1024K)]
  0x000001a142738d80 JavaThread "DestroyJavaVM"                     [_thread_blocked, id=18164, stack(0x00000042fe300000,0x00000042fe400000) (1024K)]
  0x000001a1427394d0 JavaThread "JFR Recorder Thread"        daemon [_thread_in_native, id=1736, stack(0x0000004280600000,0x0000004280700000) (1024K)]
  0x000001a141808930 JavaThread "JFR Periodic Tasks"         daemon [_thread_blocked, id=9292, stack(0x0000004281d00000,0x0000004281e00000) (1024K)]
Total: 37

Other Threads:
  0x000001a1588866d0 VMThread "VM Thread"                           [id=10216, stack(0x00000042fea00000,0x00000042feb00000) (1024K)]
  0x000001a158751c50 WatcherThread "VM Periodic Task Thread"        [id=5300, stack(0x00000042fe900000,0x00000042fea00000) (1024K)]
  0x000001a1467b40b0 WorkerThread "GC Thread#0"                     [id=13372, stack(0x00000042fe400000,0x00000042fe500000) (1024K)]
  0x000001a1421491d0 WorkerThread "GC Thread#1"                     [id=5308, stack(0x00000042ffe00000,0x00000042fff00000) (1024K)]
  0x000001a142149990 WorkerThread "GC Thread#2"                     [id=17828, stack(0x00000042fff00000,0x0000004300000000) (1024K)]
  0x000001a142149d40 WorkerThread "GC Thread#3"                     [id=6520, stack(0x0000004280000000,0x0000004280100000) (1024K)]
  0x000001a14214a0f0 WorkerThread "GC Thread#4"                     [id=16240, stack(0x0000004280100000,0x0000004280200000) (1024K)]
  0x000001a14214a4a0 WorkerThread "GC Thread#5"                     [id=13696, stack(0x0000004280200000,0x0000004280300000) (1024K)]
  0x000001a142166b90 WorkerThread "GC Thread#6"                     [id=7908, stack(0x0000004280300000,0x0000004280400000) (1024K)]
  0x000001a141d2c010 WorkerThread "GC Thread#7"                     [id=14572, stack(0x0000004280400000,0x0000004280500000) (1024K)]
  0x000001a1424fef20 WorkerThread "GC Thread#8"                     [id=9532, stack(0x0000004280500000,0x0000004280600000) (1024K)]
  0x000001a1424ff2d0 WorkerThread "GC Thread#9"                     [id=15260, stack(0x0000004280700000,0x0000004280800000) (1024K)]
  0x000001a1424ffa30 WorkerThread "GC Thread#10"                    [id=17548, stack(0x0000004280800000,0x0000004280900000) (1024K)]
  0x000001a1424ffde0 WorkerThread "GC Thread#11"                    [id=720, stack(0x0000004280900000,0x0000004280a00000) (1024K)]
  0x000001a1424ff680 WorkerThread "GC Thread#12"                    [id=18332, stack(0x0000004280a00000,0x0000004280b00000) (1024K)]
  0x000001a1467c1500 ConcurrentGCThread "G1 Main Marker"            [id=7540, stack(0x00000042fe500000,0x00000042fe600000) (1024K)]
  0x000001a1467c2730 WorkerThread "G1 Conc#0"                       [id=4648, stack(0x00000042fe600000,0x00000042fe700000) (1024K)]
  0x000001a142500540 WorkerThread "G1 Conc#1"                       [id=15960, stack(0x0000004280b00000,0x0000004280c00000) (1024K)]
  0x000001a142500190 WorkerThread "G1 Conc#2"                       [id=12176, stack(0x0000004280c00000,0x0000004280d00000) (1024K)]
  0x000001a14681ea60 ConcurrentGCThread "G1 Refine#0"               [id=16120, stack(0x00000042fe700000,0x00000042fe800000) (1024K)]
  0x000001a15874ca80 ConcurrentGCThread "G1 Service"                [id=1912, stack(0x00000042fe800000,0x00000042fe900000) (1024K)]
Total: 21

Threads with active compile tasks:
Total: 0

VM state: not at safepoint (normal execution)

VM Mutex/Monitor currently owned by a thread: None

Heap address: 0x0000000762600000, size: 2522 MB, Compressed Oops mode: Zero based, Oop shift amount: 3

CDS archive(s) mapped at: [0x000001a100000000-0x000001a100d40000-0x000001a100d40000), size 13893632, SharedBaseAddress: 0x000001a100000000, ArchiveRelocationMode: 1.
Compressed class space mapped at: 0x000001a101000000-0x000001a141000000, reserved size: 1073741824
UseCompressedClassPointers 1, UseCompactObjectHeaders 0
Narrow klass pointer bits 32, Max shift 3
Narrow klass base: 0x000001a100000000, Narrow klass shift: 0
Encoding Range: [0x000001a100000000 - 0x000001a200000000), (4294967296 bytes)
Klass Range:    [0x000001a100000000 - 0x000001a141000000), (1090519040 bytes)
Klass ID Range:  [8 - 1090519033) (1090519025)

GC Precious Log:
 CardTable entry size: 512
 Card Set container configuration: InlinePtr #cards 4 size 8 Array Of Cards #cards 16 size 48 Howl #buckets 8 coarsen threshold 3686 Howl Bitmap #cards 512 size 80 coarsen threshold 460 Card regions per heap region 1 cards per card region 4096
 CPUs: 16 total, 16 available
 Memory: 10085M
 Large Page Support: Disabled
 NUMA Support: Disabled
 Compressed Oops: Enabled (Zero based)
 Heap Region Size: 2M
 Heap Min Capacity: 8M
 Heap Initial Capacity: 158M
 Heap Max Capacity: 2522M
 Pre-touch: Disabled
 Parallel Workers: 13
 Concurrent Workers: 3
 Concurrent Refinement Workers: 13
 Periodic GC: Disabled

Heap:
 garbage-first heap   total reserved 2582528K, committed 57344K, used 23811K [0x0000000762600000, 0x0000000800000000)
  region size 2048K, 7 young (14336K), 2 survivors (4096K)
 Metaspace       used 28669K, committed 29248K, reserved 1114112K
  class space    used 3353K, committed 3584K, reserved 1048576K

Heap Regions: E=young(eden), S=young(survivor), O=old, HS=humongous(starts), HC=humongous(continues), CS=collection set, F=free, TAMS=top-at-mark-start, PB=parsable bottom
|   0|0x0000000762600000, 0x0000000762800000, 0x0000000762800000|100%| O|  |TAMS 0x0000000762600000| PB 0x0000000762600000| Untracked |  0
|   1|0x0000000762800000, 0x0000000762a00000, 0x0000000762a00000|100%| O|  |TAMS 0x0000000762800000| PB 0x0000000762800000| Untracked |  0
|   2|0x0000000762a00000, 0x0000000762c00000, 0x0000000762c00000|100%| O|  |TAMS 0x0000000762a00000| PB 0x0000000762a00000| Untracked |  0
|   3|0x0000000762c00000, 0x0000000762c29100, 0x0000000762e00000|  8%| O|  |TAMS 0x0000000762c00000| PB 0x0000000762c00000| Untracked |  0
|   4|0x0000000762e00000, 0x0000000763000000, 0x0000000763000000|100%| O|  |TAMS 0x0000000762e00000| PB 0x0000000762e00000| Untracked |  0
|   5|0x0000000763000000, 0x0000000763200000, 0x0000000763200000|100%| O|  |TAMS 0x0000000763000000| PB 0x0000000763000000| Untracked |  0
|   6|0x0000000763200000, 0x0000000763400000, 0x0000000763400000|100%| O|  |TAMS 0x0000000763200000| PB 0x0000000763200000| Untracked |  0
|   7|0x0000000763400000, 0x00000007634d3680, 0x0000000763600000| 41%| O|  |TAMS 0x0000000763400000| PB 0x0000000763400000| Untracked |  0
|   8|0x0000000763600000, 0x0000000763600000, 0x0000000763800000|  0%| F|  |TAMS 0x0000000763600000| PB 0x0000000763600000| Untracked |  0
|   9|0x0000000763800000, 0x0000000763800000, 0x0000000763a00000|  0%| F|  |TAMS 0x0000000763800000| PB 0x0000000763800000| Untracked |  0
|  10|0x0000000763a00000, 0x0000000763a445e0, 0x0000000763c00000| 13%| S|CS|TAMS 0x0000000763a00000| PB 0x0000000763a00000| Complete |  0
|  11|0x0000000763c00000, 0x0000000763e00000, 0x0000000763e00000|100%| S|CS|TAMS 0x0000000763c00000| PB 0x0000000763c00000| Complete |  0
|  12|0x0000000763e00000, 0x0000000763e00000, 0x0000000764000000|  0%| F|  |TAMS 0x0000000763e00000| PB 0x0000000763e00000| Untracked |  0
|  13|0x0000000764000000, 0x0000000764000000, 0x0000000764200000|  0%| F|  |TAMS 0x0000000764000000| PB 0x0000000764000000| Untracked |  0
|  14|0x0000000764200000, 0x0000000764200000, 0x0000000764400000|  0%| F|  |TAMS 0x0000000764200000| PB 0x0000000764200000| Untracked |  0
|  15|0x0000000764400000, 0x0000000764400000, 0x0000000764600000|  0%| F|  |TAMS 0x0000000764400000| PB 0x0000000764400000| Untracked |  0
|  16|0x0000000764600000, 0x0000000764600000, 0x0000000764800000|  0%| F|  |TAMS 0x0000000764600000| PB 0x0000000764600000| Untracked |  0
|  17|0x0000000764800000, 0x0000000764800000, 0x0000000764a00000|  0%| F|  |TAMS 0x0000000764800000| PB 0x0000000764800000| Untracked |  0
|  18|0x0000000764a00000, 0x0000000764a00000, 0x0000000764c00000|  0%| F|  |TAMS 0x0000000764a00000| PB 0x0000000764a00000| Untracked |  0
|  19|0x0000000764c00000, 0x0000000764c00000, 0x0000000764e00000|  0%| F|  |TAMS 0x0000000764c00000| PB 0x0000000764c00000| Untracked |  0
|  20|0x0000000764e00000, 0x0000000764e00000, 0x0000000765000000|  0%| F|  |TAMS 0x0000000764e00000| PB 0x0000000764e00000| Untracked |  0
|  21|0x0000000765000000, 0x0000000765000000, 0x0000000765200000|  0%| F|  |TAMS 0x0000000765000000| PB 0x0000000765000000| Untracked |  0
|  22|0x0000000765200000, 0x0000000765200000, 0x0000000765400000|  0%| F|  |TAMS 0x0000000765200000| PB 0x0000000765200000| Untracked |  0
|  23|0x0000000765400000, 0x0000000765560240, 0x0000000765600000| 68%| E|  |TAMS 0x0000000765400000| PB 0x0000000765400000| Complete |  0
|  49|0x0000000768800000, 0x0000000768a00000, 0x0000000768a00000|100%| E|CS|TAMS 0x0000000768800000| PB 0x0000000768800000| Complete |  0
|  50|0x0000000768a00000, 0x0000000768c00000, 0x0000000768c00000|100%| E|CS|TAMS 0x0000000768a00000| PB 0x0000000768a00000| Complete |  0
|  78|0x000000076c200000, 0x000000076c400000, 0x000000076c400000|100%| E|CS|TAMS 0x000000076c200000| PB 0x000000076c200000| Complete |  0
|1260|0x00000007ffe00000, 0x0000000800000000, 0x0000000800000000|100%| E|CS|TAMS 0x00000007ffe00000| PB 0x00000007ffe00000| Complete |  0

Card table byte_map: [0x000001a152c60000,0x000001a153150000] _byte_map_base: 0x000001a14f14d000

Marking Bits: (CMBitMap*) 0x000001a1467b46d0
 Bits: [0x000001a153150000, 0x000001a1558b8000)

Polling page: 0x000001a144460000

Metaspace:

Usage:
  Non-class:     24.72 MB used.
      Class:      3.28 MB used.
       Both:     28.00 MB used.

Virtual space:
  Non-class space:       64.00 MB reserved,      25.06 MB ( 39%) committed,  1 nodes.
      Class space:        1.00 GB reserved,       3.50 MB ( <1%) committed,  1 nodes.
             Both:        1.06 GB reserved,      28.56 MB (  3%) committed. 

Chunk freelists:
   Non-Class:  6.56 MB
       Class:  12.53 MB
        Both:  19.09 MB

MaxMetaspaceSize: unlimited
CompressedClassSpaceSize: 1.00 GB
Initial GC threshold: 21.00 MB
Current GC threshold: 33.75 MB
CDS: on
 - commit_granule_bytes: 65536.
 - commit_granule_words: 8192.
 - virtual_space_node_default_size: 8388608.
 - enlarge_chunks_in_place: 1.
UseCompressedClassPointers 1, UseCompactObjectHeaders 0
Narrow klass pointer bits 32, Max shift 3
Narrow klass base: 0x000001a100000000, Narrow klass shift: 0
Encoding Range: [0x000001a100000000 - 0x000001a200000000), (4294967296 bytes)
Klass Range:    [0x000001a100000000 - 0x000001a141000000), (1090519040 bytes)
Klass ID Range:  [8 - 1090519033) (1090519025)


Internal statistics:

num_allocs_failed_limit: 0.
num_arena_births: 572.
num_arena_deaths: 0.
num_vsnodes_births: 2.
num_vsnodes_deaths: 0.
num_space_committed: 457.
num_space_uncommitted: 0.
num_chunks_returned_to_freelist: 0.
num_chunks_taken_from_freelist: 1516.
num_chunk_merges: 0.
num_chunk_splits: 1038.
num_chunks_enlarged: 753.
num_inconsistent_stats: 0.

CodeCache: size=49152Kb used=8420Kb max_used=8709Kb free=40731Kb
 bounds [0x000001a14f000000, 0x000001a14f890000, 0x000001a152000000]
 total_blobs=5161, nmethods=4604, adapters=479, full_count=0
Compilation: enabled, stopped_count=0, restarted_count=0

Compilation events (20 events):
Event: 8.719 Thread 0x000001a141085f10 4596       1       jdk.jfr.internal.EventControl::getSettingsId (5 bytes)
Event: 8.719 Thread 0x000001a1588a7d50 nmethod 4593 0x000001a14f5e2488 code [0x000001a14f5e25a0, 0x000001a14f5e2668]
Event: 8.719 Thread 0x000001a1588a7d50 4599   !   1       jdk.jfr.internal.Control::setValue (102 bytes)
Event: 8.719 Thread 0x000001a141aa53e0 4597       1       jdk.jfr.internal.EventControl::getNamedControls (5 bytes)
Event: 8.719 Thread 0x000001a1410867f0 nmethod 4595 0x000001a14f5e2188 code [0x000001a14f5e2280, 0x000001a14f5e2348]
Event: 8.719 Thread 0x000001a141085f10 nmethod 4596 0x000001a14f5e1e88 code [0x000001a14f5e1f80, 0x000001a14f5e2048]
Event: 8.719 Thread 0x000001a1410867f0 4600       1       jdk.jfr.internal.SettingsManager$InternalSetting::getValues (35 bytes)
Event: 8.719 Thread 0x000001a141085f10 4601       1       jdk.jfr.internal.Control::apply (10 bytes)
Event: 8.720 Thread 0x000001a141085f10 nmethod 4601 0x000001a14f5e1b88 code [0x000001a14f5e1ca0, 0x000001a14f5e1db0]
Event: 8.720 Thread 0x000001a141085f10 4602       1       jdk.jfr.internal.Control::findCombine (121 bytes)
Event: 8.720 Thread 0x000001a141aa53e0 nmethod 4597 0x000001a14f5e1888 code [0x000001a14f5e1980, 0x000001a14f5e1a48]
Event: 8.720 Thread 0x000001a1410867f0 nmethod 4600 0x000001a14f5e1508 code [0x000001a14f5e1640, 0x000001a14f5e1848]
Event: 8.720 Thread 0x000001a141aa53e0 4598       1       jdk.jfr.internal.PlatformEventType::isEnabled (5 bytes)
Event: 8.720 Thread 0x000001a141aa53e0 nmethod 4598 0x000001a14f5e1208 code [0x000001a14f5e1300, 0x000001a14f5e13c8]
Event: 8.720 Thread 0x000001a141085f10 nmethod 4602 0x000001a14f5e0888 code [0x000001a14f5e0a40, 0x000001a14f5e11f0]
Event: 8.720 Thread 0x000001a1588a7d50 nmethod 4599 0x000001a14f5dff88 code [0x000001a14f5e0180, 0x000001a14f5e0810]
Event: 8.722 Thread 0x000001a1588a7d50 4603       1       jdk.jfr.internal.periodic.EventTask::getEventType (5 bytes)
Event: 8.722 Thread 0x000001a1588a7d50 nmethod 4603 0x000001a14f5dfc88 code [0x000001a14f5dfd80, 0x000001a14f5dfe48]
Event: 8.722 Thread 0x000001a1588a7d50 4604       1       jdk.jfr.internal.periodic.PeriodicTask::getPeriod (5 bytes)
Event: 8.722 Thread 0x000001a1588a7d50 nmethod 4604 0x000001a14f5df988 code [0x000001a14f5dfa80, 0x000001a14f5dfb48]

GC Heap History (8 events):
Event: 0.879 GC heap before
{Heap before GC invocations=0 (full 0):
 garbage-first heap   total reserved 2582528K, committed 163840K, used 48244K [0x0000000762600000, 0x0000000800000000)
  region size 2048K, 24 young (49152K), 0 survivors (0K)
 Metaspace       used 11236K, committed 11520K, reserved 1114112K
  class space    used 1281K, committed 1408K, reserved 1048576K
}
Event: 0.884 GC heap after
{Heap after GC invocations=1 (full 0):
 garbage-first heap   total reserved 2582528K, committed 163840K, used 7430K [0x0000000762600000, 0x0000000800000000)
  region size 2048K, 3 young (6144K), 3 survivors (6144K)
 Metaspace       used 11236K, committed 11520K, reserved 1114112K
  class space    used 1281K, committed 1408K, reserved 1048576K
}
Event: 1.394 GC heap before
{Heap before GC invocations=1 (full 0):
 garbage-first heap   total reserved 2582528K, committed 163840K, used 56582K [0x0000000762600000, 0x0000000800000000)
  region size 2048K, 28 young (57344K), 3 survivors (6144K)
 Metaspace       used 20273K, committed 20736K, reserved 1114112K
  class space    used 2283K, committed 2496K, reserved 1048576K
}
Event: 1.400 GC heap after
{Heap after GC invocations=2 (full 0):
 garbage-first heap   total reserved 2582528K, committed 163840K, used 11336K [0x0000000762600000, 0x0000000800000000)
  region size 2048K, 2 young (4096K), 2 survivors (4096K)
 Metaspace       used 20273K, committed 20736K, reserved 1114112K
  class space    used 2283K, committed 2496K, reserved 1048576K
}
Event: 1.859 GC heap before
{Heap before GC invocations=3 (full 0):
 garbage-first heap   total reserved 2582528K, committed 49152K, used 46152K [0x0000000762600000, 0x0000000800000000)
  region size 2048K, 19 young (38912K), 2 survivors (4096K)
 Metaspace       used 25386K, committed 25792K, reserved 1114112K
  class space    used 2913K, committed 3072K, reserved 1048576K
}
Event: 1.863 GC heap after
{Heap after GC invocations=4 (full 0):
 garbage-first heap   total reserved 2582528K, committed 57344K, used 13968K [0x0000000762600000, 0x0000000800000000)
  region size 2048K, 4 young (8192K), 4 survivors (8192K)
 Metaspace       used 25386K, committed 25792K, reserved 1114112K
  class space    used 2913K, committed 3072K, reserved 1048576K
}
Event: 8.642 GC heap before
{Heap before GC invocations=4 (full 0):
 garbage-first heap   total reserved 2582528K, committed 57344K, used 36496K [0x0000000762600000, 0x0000000800000000)
  region size 2048K, 15 young (30720K), 4 survivors (8192K)
 Metaspace       used 28118K, committed 28608K, reserved 1114112K
  class space    used 3275K, committed 3520K, reserved 1048576K
}
Event: 8.647 GC heap after
{Heap after GC invocations=5 (full 0):
 garbage-first heap   total reserved 2582528K, committed 57344K, used 15619K [0x0000000762600000, 0x0000000800000000)
  region size 2048K, 2 young (4096K), 2 survivors (4096K)
 Metaspace       used 28118K, committed 28608K, reserved 1114112K
  class space    used 3275K, committed 3520K, reserved 1048576K
}

Dll operation events (12 events):
Event: 0.010 Loaded shared library C:\Program Files\Java\jdk-24\bin\java.dll
Event: 0.094 Loaded shared library C:\Program Files\Java\jdk-24\bin\zip.dll
Event: 0.097 Loaded shared library C:\Program Files\Java\jdk-24\bin\instrument.dll
Event: 0.103 Loaded shared library C:\Program Files\Java\jdk-24\bin\net.dll
Event: 0.106 Loaded shared library C:\Program Files\Java\jdk-24\bin\nio.dll
Event: 0.109 Loaded shared library C:\Program Files\Java\jdk-24\bin\zip.dll
Event: 0.137 Loaded shared library C:\Program Files\Java\jdk-24\bin\jimage.dll
Event: 0.169 Loaded shared library C:\Program Files\Java\jdk-24\bin\extnet.dll
Event: 0.182 Loaded shared library C:\Program Files\Java\jdk-24\bin\management.dll
Event: 0.189 Loaded shared library C:\Program Files\Java\jdk-24\bin\management_ext.dll
Event: 1.149 Loaded shared library C:\Program Files\Java\jdk-24\bin\sunmscapi.dll
Event: 8.603 Loaded shared library C:\Users\andre\AppData\Local\Temp\idea_libasyncProfiler_dll_temp_folder\libasyncProfiler.dll

Deoptimization events (0 events):
No events

Classes loaded (20 events):
Event: 8.703 Loading class jdk/jfr/internal/MetadataWriter
Event: 8.703 Loading class jdk/jfr/internal/MetadataWriter done
Event: 8.703 Loading class jdk/jfr/internal/MetadataDescriptor$Element
Event: 8.703 Loading class jdk/jfr/internal/MetadataDescriptor$Element done
Event: 8.703 Loading class jdk/jfr/internal/MetadataDescriptor$Attribute
Event: 8.703 Loading class jdk/jfr/internal/MetadataDescriptor$Attribute done
Event: 8.708 Loading class jdk/jfr/internal/consumer/StringParser$Encoding
Event: 8.709 Loading class jdk/jfr/internal/consumer/StringParser$Encoding done
Event: 8.714 Loading class jdk/jfr/internal/consumer/RepositoryFiles
Event: 8.714 Loading class jdk/jfr/internal/consumer/RepositoryFiles done
Event: 8.717 Loading class jdk/jfr/internal/SettingsManager$InternalSetting
Event: 8.717 Loading class jdk/jfr/internal/SettingsManager$InternalSetting done
Event: 8.718 Loading class jdk/jfr/internal/util/Rate
Event: 8.718 Loading class jdk/jfr/internal/util/Rate done
Event: 8.718 Loading class jdk/jfr/internal/util/TimespanUnit
Event: 8.719 Loading class jdk/jfr/internal/util/TimespanUnit done
Event: 8.719 Loading class jdk/jfr/internal/util/ValueParser
Event: 8.719 Loading class jdk/jfr/internal/util/ValueParser done
Event: 8.720 Loading class jdk/jfr/internal/periodic/PeriodicType
Event: 8.720 Loading class jdk/jfr/internal/periodic/PeriodicType done

Classes unloaded (0 events):
No events

Classes redefined (0 events):
No events

Internal exceptions (20 events):
Event: 1.815 Thread 0x000001a142088910 Exception <a 'java/io/IOException'{0x000000076313c300}> (0x000000076313c300) 
thrown [s\open\src\hotspot\share\prims\jni.cpp, line 518]
Event: 1.821 Thread 0x000001a142088910 Exception <a 'java/lang/NoSuchMethodError'{0x000000076319a608}: 'int java.lang.invoke.DirectMethodHandle$Holder.invokeInterface(java.lang.Object, java.lang.Object, java.lang.Object, java.lang.Object)'> (0x000000076319a608) 
thrown [s\open\src\hotspot\share\interpreter\linkResolver.cpp, line 805]
Event: 1.853 Thread 0x000001a142088910 Exception <a 'java/io/FileNotFoundException'{0x0000000762f9b970}> (0x0000000762f9b970) 
thrown [s\open\src\hotspot\share\prims\jni.cpp, line 518]
Event: 1.876 Thread 0x000001a142088910 Exception <a 'java/lang/NoSuchMethodError'{0x000000076c2f7568}: 'void java.lang.invoke.DirectMethodHandle$Holder.invokeVirtual(java.lang.Object, java.lang.Object, long)'> (0x000000076c2f7568) 
thrown [s\open\src\hotspot\share\interpreter\linkResolver.cpp, line 805]
Event: 1.942 Thread 0x000001a142088910 Exception <a 'java/lang/NoSuchMethodError'{0x00000007689fbf48}: 'java.lang.Object java.lang.invoke.DirectMethodHandle$Holder.newInvokeSpecial(java.lang.Object, java.lang.Object, int, java.lang.Object, java.lang.Object)'> (0x00000007689fbf48) 
thrown [s\open\src\hotspot\share\interpreter\linkResolver.cpp, line 805]
Event: 1.984 Thread 0x000001a142088910 Exception <a 'java/lang/NoSuchMethodError'{0x0000000764b09cd8}: 'java.lang.Object java.lang.invoke.DirectMethodHandle$Holder.newInvokeSpecial(java.lang.Object, java.lang.Object, java.lang.Object, java.lang.Object, java.lang.Object, java.lang.Object, java.lang.Object, java.lang.Object)'> (0x0000000764b09cd8) 
thrown [s\open\src\hotspot\share\interpreter\linkResolver.cpp, line 805]
Event: 2.000 Thread 0x000001a142088910 Exception <a 'java/io/IOException'{0x0000000764be1578}> (0x0000000764be1578) 
thrown [s\open\src\hotspot\share\prims\jni.cpp, line 518]
Event: 2.062 Thread 0x000001a142088910 Exception <a 'java/lang/NoSuchMethodError'{0x00000007647bdcb8}: 'java.lang.Object java.lang.invoke.DirectMethodHandle$Holder.invokeStatic(java.lang.Object, int, java.lang.Object, java.lang.Object)'> (0x00000007647bdcb8) 
thrown [s\open\src\hotspot\share\interpreter\linkResolver.cpp, line 805]
Event: 2.063 Thread 0x000001a142088910 Exception <a 'java/lang/NoSuchMethodError'{0x00000007647c6970}: 'java.lang.Object java.lang.invoke.DirectMethodHandle$Holder.invokeSpecial(java.lang.Object, java.lang.Object, int, java.lang.Object, java.lang.Object)'> (0x00000007647c6970) 
thrown [s\open\src\hotspot\share\interpreter\linkResolver.cpp, line 805]
Event: 2.063 Thread 0x000001a142088910 Exception <a 'java/lang/NoSuchMethodError'{0x00000007647cf2b8}: 'java.lang.Object java.lang.invoke.DelegatingMethodHandle$Holder.delegate(java.lang.Object, int, java.lang.Object, java.lang.Object)'> (0x00000007647cf2b8) 
thrown [s\open\src\hotspot\share\interpreter\linkResolver.cpp, line 805]
Event: 2.064 Thread 0x000001a142088910 Exception <a 'java/lang/NoSuchMethodError'{0x00000007647f6bd8}: 'int java.lang.invoke.Invokers$Holder.linkToTargetMethod(java.lang.Object, java.lang.Object, java.lang.Object)'> (0x00000007647f6bd8) 
thrown [s\open\src\hotspot\share\interpreter\linkResolver.cpp, line 805]
Event: 2.093 Thread 0x000001a142088910 Exception <a 'java/lang/IncompatibleClassChangeError'{0x0000000764207f38}: Found class java.lang.Object, but interface was expected> (0x0000000764207f38) 
thrown [s\open\src\hotspot\share\interpreter\linkResolver.cpp, line 872]
Event: 2.581 Thread 0x000001a141b0b230 Exception <a 'java/lang/NoSuchMethodError'{0x0000000764510d00}: 'java.lang.Object java.lang.invoke.DirectMethodHandle$Holder.invokeInterface(java.lang.Object, java.lang.Object, java.lang.Object, java.lang.Object, java.lang.Object, java.lang.Object, java.lang.Object)'> (0x0000000764510d00) 
thrown [s\open\src\hotspot\share\interpreter\linkResolver.cpp, line 805]
Event: 2.584 Thread 0x000001a141b0b230 Exception <a 'java/lang/NoSuchMethodError'{0x0000000764563ab8}: 'java.lang.Object java.lang.invoke.DirectMethodHandle$Holder.invokeStatic(java.lang.Object, java.lang.Object, java.lang.Object, java.lang.Object, java.lang.Object, java.lang.Object, java.lang.Object, java.lang.Object, java.lang.Object, java.lang.Object)'> (0x0000000764563ab8) 
thrown [s\open\src\hotspot\share\interpreter\linkResolver.cpp, line 805]
Event: 8.693 Thread 0x000001a158899750 Exception <a 'java/lang/NoSuchMethodError'{0x0000000768b6e188}: 'void java.lang.invoke.DirectMethodHandle$Holder.invokeSpecial(java.lang.Object, java.lang.Object, int)'> (0x0000000768b6e188) 
thrown [s\open\src\hotspot\share\interpreter\linkResolver.cpp, line 805]
Event: 8.693 Thread 0x000001a158899750 Exception <a 'java/lang/NoSuchMethodError'{0x0000000768b75da8}: 'void java.lang.invoke.Invokers$Holder.invokeExact_MT(java.lang.Object, int, java.lang.Object)'> (0x0000000768b75da8) 
thrown [s\open\src\hotspot\share\interpreter\linkResolver.cpp, line 805]
Event: 8.694 Thread 0x000001a158899750 Exception <a 'java/lang/NoSuchMethodError'{0x0000000768b972d8}: 'java.lang.Object java.lang.invoke.DirectMethodHandle$Holder.newInvokeSpecial(java.lang.Object, java.lang.Object, int)'> (0x0000000768b972d8) 
thrown [s\open\src\hotspot\share\interpreter\linkResolver.cpp, line 805]
Event: 8.697 Thread 0x000001a158899750 Exception <a 'sun/nio/fs/WindowsException'{0x0000000768bd46a8}> (0x0000000768bd46a8) 
thrown [s\open\src\hotspot\share\prims\jni.cpp, line 518]
Event: 8.698 Thread 0x000001a158899750 Exception <a 'sun/nio/fs/WindowsException'{0x0000000768beef78}> (0x0000000768beef78) 
thrown [s\open\src\hotspot\share\prims\jni.cpp, line 518]
Event: 8.700 Thread 0x000001a158899750 Exception <a 'sun/nio/fs/WindowsException'{0x0000000768800c90}> (0x0000000768800c90) 
thrown [s\open\src\hotspot\share\prims\jni.cpp, line 518]

VM Operations (20 events):
Event: 1.808 Executing VM operation: HandshakeAllThreads (Deoptimize)
Event: 1.808 Executing VM operation: HandshakeAllThreads (Deoptimize) done
Event: 1.834 Executing VM operation: HandshakeAllThreads (Deoptimize)
Event: 1.834 Executing VM operation: HandshakeAllThreads (Deoptimize) done
Event: 1.856 Executing VM operation: HandshakeAllThreads (Deoptimize)
Event: 1.856 Executing VM operation: HandshakeAllThreads (Deoptimize) done
Event: 1.859 Executing VM operation: G1CollectForAllocation (G1 Evacuation Pause)
Event: 1.863 Executing VM operation: G1CollectForAllocation (G1 Evacuation Pause) done
Event: 2.024 Executing VM operation: HandshakeAllThreads (Deoptimize)
Event: 2.024 Executing VM operation: HandshakeAllThreads (Deoptimize) done
Event: 2.030 Executing VM operation: HandshakeAllThreads (Deoptimize)
Event: 2.030 Executing VM operation: HandshakeAllThreads (Deoptimize) done
Event: 2.050 Executing VM operation: HandshakeAllThreads (Deoptimize)
Event: 2.050 Executing VM operation: HandshakeAllThreads (Deoptimize) done
Event: 2.099 Executing VM operation: HandshakeAllThreads (Deoptimize)
Event: 2.099 Executing VM operation: HandshakeAllThreads (Deoptimize) done
Event: 8.642 Executing VM operation: G1CollectForAllocation (G1 Evacuation Pause)
Event: 8.647 Executing VM operation: G1CollectForAllocation (G1 Evacuation Pause) done
Event: 8.714 Executing VM operation: JFRSafepointClear
Event: 8.714 Executing VM operation: JFRSafepointClear done

Memory protections (0 events):
No events

Nmethod flushes (0 events):
No events

Events (20 events):
Event: 1.956 Thread 0x000001a142088910 Thread added: 0x000001a1427368f0
Event: 1.957 Thread 0x000001a142088910 Thread added: 0x000001a142737ee0
Event: 1.967 Thread 0x000001a142088910 Thread added: 0x000001a142738d80
Event: 1.967 Thread 0x000001a142738d80 Thread exited: 0x000001a142738d80
Event: 1.967 Thread 0x000001a142088910 Thread added: 0x000001a142731fd0
Event: 2.070 Thread 0x000001a141b0b230 Thread added: 0x000001a142738d80
Event: 2.074 Thread 0x000001a142738d80 Thread exited: 0x000001a142738d80
Event: 2.112 Thread 0x000001a142088910 Thread exited: 0x000001a142088910
Event: 2.114 Thread 0x000001a141c02240 Thread exited: 0x000001a141c02240
Event: 2.114 Thread 0x000001a146766c10 Thread exited: 0x000001a146766c10
Event: 2.114 Thread 0x000001a142738d80 Thread added: 0x000001a142738d80
Event: 2.576 Thread 0x000001a141b0b230 Thread added: 0x000001a1427394d0
Event: 2.578 Thread 0x000001a1427394d0 Thread exited: 0x000001a1427394d0
Event: 2.579 Thread 0x000001a141b0b230 Thread added: 0x000001a1427394d0
Event: 2.586 Thread 0x000001a1427394d0 Thread exited: 0x000001a1427394d0
Event: 2.587 Thread 0x000001a141b0b230 Thread added: 0x000001a1427394d0
Event: 2.591 Thread 0x000001a1427394d0 Thread exited: 0x000001a1427394d0
Event: 4.730 Thread 0x000001a14232bcb0 Thread exited: 0x000001a14232bcb0
Event: 8.634 Thread 0x000001a158899750 Thread added: 0x000001a1427394d0
Event: 8.694 Thread 0x000001a158899750 Thread added: 0x000001a141808930


Dynamic libraries:
0x00007ff695c40000 - 0x00007ff695c50000 	C:\Program Files\Java\jdk-24\bin\java.exe
0x00007ff901cd0000 - 0x00007ff901ec8000 	C:\Windows\SYSTEM32\ntdll.dll
0x00007ff900690000 - 0x00007ff900752000 	C:\Windows\System32\KERNEL32.DLL
0x00007ff8ff830000 - 0x00007ff8ffb26000 	C:\Windows\System32\KERNELBASE.dll
0x00007ff8f9840000 - 0x00007ff8f98d4000 	C:\Windows\SYSTEM32\apphelp.dll
0x00007ff8ff4b0000 - 0x00007ff8ff5b0000 	C:\Windows\System32\ucrtbase.dll
0x00007ff8f7ab0000 - 0x00007ff8f7acb000 	C:\Program Files\Java\jdk-24\bin\VCRUNTIME140.dll
0x00007ff8f36b0000 - 0x00007ff8f36c6000 	C:\Program Files\Java\jdk-24\bin\jli.dll
0x00007ff901280000 - 0x00007ff90141d000 	C:\Windows\System32\USER32.dll
0x00007ff8ff360000 - 0x00007ff8ff382000 	C:\Windows\System32\win32u.dll
0x00007ff8ecfb0000 - 0x00007ff8ed24a000 	C:\Windows\WinSxS\amd64_microsoft.windows.common-controls_6595b64144ccf1df_6.0.19041.5915_none_60b4b9d171f9c7c7\COMCTL32.dll
0x00007ff9014c0000 - 0x00007ff9014eb000 	C:\Windows\System32\GDI32.dll
0x00007ff9014f0000 - 0x00007ff90158e000 	C:\Windows\System32\msvcrt.dll
0x00007ff8ff5b0000 - 0x00007ff8ff6c9000 	C:\Windows\System32\gdi32full.dll
0x00007ff8ff390000 - 0x00007ff8ff42d000 	C:\Windows\System32\msvcp_win.dll
0x00007ff9017e0000 - 0x00007ff90180f000 	C:\Windows\System32\IMM32.DLL
0x00007ff8fbc20000 - 0x00007ff8fbc2c000 	C:\Program Files\Java\jdk-24\bin\vcruntime140_1.dll
0x00007ff8d04f0000 - 0x00007ff8d057e000 	C:\Program Files\Java\jdk-24\bin\msvcp140.dll
0x00007ff8c6d60000 - 0x00007ff8c7b02000 	C:\Program Files\Java\jdk-24\bin\server\jvm.dll
0x00007ff8ffe80000 - 0x00007ff8fff31000 	C:\Windows\System32\ADVAPI32.dll
0x00007ff901420000 - 0x00007ff9014bf000 	C:\Windows\System32\sechost.dll
0x00007ff900760000 - 0x00007ff900883000 	C:\Windows\System32\RPCRT4.dll
0x00007ff8ff480000 - 0x00007ff8ff4a7000 	C:\Windows\System32\bcrypt.dll
0x00007ff9003c0000 - 0x00007ff90042b000 	C:\Windows\System32\WS2_32.dll
0x00007ff8ff1c0000 - 0x00007ff8ff20b000 	C:\Windows\SYSTEM32\POWRPROF.dll
0x00007ff8f39d0000 - 0x00007ff8f39f7000 	C:\Windows\SYSTEM32\WINMM.dll
0x00007ff8f4fa0000 - 0x00007ff8f4faa000 	C:\Windows\SYSTEM32\VERSION.dll
0x00007ff8ff1a0000 - 0x00007ff8ff1b2000 	C:\Windows\SYSTEM32\UMPDC.dll
0x00007ff8fd1e0000 - 0x00007ff8fd1f2000 	C:\Windows\SYSTEM32\kernel.appcore.dll
0x00007ff8f9d30000 - 0x00007ff8f9d3a000 	C:\Program Files\Java\jdk-24\bin\jimage.dll
0x00007ff8f6040000 - 0x00007ff8f6241000 	C:\Windows\SYSTEM32\DBGHELP.DLL
0x00007ff8e9ec0000 - 0x00007ff8e9ef4000 	C:\Windows\SYSTEM32\dbgcore.DLL
0x00007ff8ffbb0000 - 0x00007ff8ffc32000 	C:\Windows\System32\bcryptPrimitives.dll
0x00007ff8ec140000 - 0x00007ff8ec14f000 	C:\Program Files\Java\jdk-24\bin\instrument.dll
0x00007ff8f1620000 - 0x00007ff8f163e000 	C:\Program Files\Java\jdk-24\bin\java.dll
0x00007ff901620000 - 0x00007ff90174b000 	C:\Windows\System32\ole32.dll
0x00007ff901930000 - 0x00007ff901c83000 	C:\Windows\System32\combase.dll
0x00007ff900ab0000 - 0x00007ff90121e000 	C:\Windows\System32\SHELL32.dll
0x00007ff8fd3e0000 - 0x00007ff8fdb84000 	C:\Windows\SYSTEM32\windows.storage.dll
0x00007ff8fecc0000 - 0x00007ff8feceb000 	C:\Windows\SYSTEM32\Wldp.dll
0x00007ff8ffcf0000 - 0x00007ff8ffdbd000 	C:\Windows\System32\OLEAUT32.dll
0x00007ff9005e0000 - 0x00007ff90068d000 	C:\Windows\System32\SHCORE.dll
0x00007ff901220000 - 0x00007ff90127b000 	C:\Windows\System32\shlwapi.dll
0x00007ff8ff290000 - 0x00007ff8ff2b5000 	C:\Windows\SYSTEM32\profapi.dll
0x00007ff8fb270000 - 0x00007ff8fb287000 	C:\Program Files\Java\jdk-24\bin\zip.dll
0x00007ff8f3560000 - 0x00007ff8f3570000 	C:\Program Files\Java\jdk-24\bin\net.dll
0x00007ff8fea20000 - 0x00007ff8fea8a000 	C:\Windows\system32\mswsock.dll
0x00007ff8ed6f0000 - 0x00007ff8ed706000 	C:\Program Files\Java\jdk-24\bin\nio.dll
0x00007ff8fe740000 - 0x00007ff8fe80a000 	C:\Windows\SYSTEM32\DNSAPI.dll
0x00007ff8fe700000 - 0x00007ff8fe73b000 	C:\Windows\SYSTEM32\IPHLPAPI.DLL
0x00007ff8fff40000 - 0x00007ff8fff48000 	C:\Windows\System32\NSI.dll
0x00007ff8f6940000 - 0x00007ff8f694a000 	C:\Windows\System32\rasadhlp.dll
0x00007ff8ee070000 - 0x00007ff8ee079000 	C:\Program Files\Java\jdk-24\bin\extnet.dll
0x00007ff8ed7b0000 - 0x00007ff8ed830000 	C:\Windows\System32\fwpuclnt.dll
0x00007ff8ec130000 - 0x00007ff8ec13a000 	C:\Program Files\Java\jdk-24\bin\management.dll
0x00007ff8ec0f0000 - 0x00007ff8ec0fb000 	C:\Program Files\Java\jdk-24\bin\management_ext.dll
0x00007ff9017d0000 - 0x00007ff9017d8000 	C:\Windows\System32\PSAPI.DLL
0x00007ff8fec10000 - 0x00007ff8fec28000 	C:\Windows\SYSTEM32\CRYPTSP.dll
0x00007ff8fe340000 - 0x00007ff8fe378000 	C:\Windows\system32\rsaenh.dll
0x00007ff8ff210000 - 0x00007ff8ff23e000 	C:\Windows\SYSTEM32\USERENV.dll
0x00007ff8fec30000 - 0x00007ff8fec3c000 	C:\Windows\SYSTEM32\CRYPTBASE.dll
0x00007ff8bf8d0000 - 0x00007ff8bf8e7000 	C:\Windows\system32\napinsp.dll
0x00007ff8bf8b0000 - 0x00007ff8bf8cb000 	C:\Windows\system32\pnrpnsp.dll
0x00007ff8fa5b0000 - 0x00007ff8fa5cd000 	C:\Windows\system32\wshbth.dll
0x00007ff8f9820000 - 0x00007ff8f983d000 	C:\Windows\system32\NLAapi.dll
0x00007ff8bf890000 - 0x00007ff8bf8a2000 	C:\Windows\System32\winrnr.dll
0x00007ff8ebd80000 - 0x00007ff8ebd8e000 	C:\Program Files\Java\jdk-24\bin\sunmscapi.dll
0x00007ff8ff6d0000 - 0x00007ff8ff82d000 	C:\Windows\System32\CRYPT32.dll
0x00007ff8fed30000 - 0x00007ff8fed57000 	C:\Windows\SYSTEM32\ncrypt.dll
0x00007ff8fecf0000 - 0x00007ff8fed2b000 	C:\Windows\SYSTEM32\NTASN1.dll
0x00007ff8dccb0000 - 0x00007ff8dccb7000 	C:\Windows\system32\wshunix.dll
0x00007ff8ce000000 - 0x00007ff8ce1f8000 	C:\Users\andre\AppData\Local\Temp\idea_libasyncProfiler_dll_temp_folder\libasyncProfiler.dll

dbghelp: loaded successfully - version: 4.0.5 - missing functions: none
symbol engine: initialized successfully - sym options: 0x614 - pdb path: .;C:\Program Files\Java\jdk-24\bin;C:\Windows\SYSTEM32;C:\Windows\WinSxS\amd64_microsoft.windows.common-controls_6595b64144ccf1df_6.0.19041.5915_none_60b4b9d171f9c7c7;C:\Program Files\Java\jdk-24\bin\server;C:\Users\andre\AppData\Local\Temp\idea_libasyncProfiler_dll_temp_folder

VM Arguments:
jvm_args: -XX:TieredStopAtLevel=1 -Dspring.output.ansi.enabled=always -Dcom.sun.management.jmxremote -Dspring.jmx.enabled=true -Dspring.liveBeansView.mbeanDomain -Dspring.application.admin.enabled=true -Dmanagement.endpoints.jmx.exposure.include=* -javaagent:C:\Program Files\JetBrains\IntelliJ IDEA 2025.1.2\lib\idea_rt.jar=61340 -Dfile.encoding=UTF-8 -Dsun.stdout.encoding=UTF-8 -Dsun.stderr.encoding=UTF-8 
java_command: com.andre.app.AppApplication
java_class_path (initial): C:\Users\andre\Documents\dev\courses-studies\Spring Boot (luv2code)\Class15 - Lazy Initialization\app\target\classes;C:\Users\andre\.m2\repository\org\springframework\boot\spring-boot-starter-web\3.5.3\spring-boot-starter-web-3.5.3.jar;C:\Users\andre\.m2\repository\org\springframework\boot\spring-boot-starter\3.5.3\spring-boot-starter-3.5.3.jar;C:\Users\andre\.m2\repository\org\springframework\boot\spring-boot-starter-logging\3.5.3\spring-boot-starter-logging-3.5.3.jar;C:\Users\andre\.m2\repository\ch\qos\logback\logback-classic\1.5.18\logback-classic-1.5.18.jar;C:\Users\andre\.m2\repository\ch\qos\logback\logback-core\1.5.18\logback-core-1.5.18.jar;C:\Users\andre\.m2\repository\org\apache\logging\log4j\log4j-to-slf4j\2.24.3\log4j-to-slf4j-2.24.3.jar;C:\Users\andre\.m2\repository\org\apache\logging\log4j\log4j-api\2.24.3\log4j-api-2.24.3.jar;C:\Users\andre\.m2\repository\org\slf4j\jul-to-slf4j\2.0.17\jul-to-slf4j-2.0.17.jar;C:\Users\andre\.m2\repository\jakarta\annotation\jakarta.annotation-api\2.1.1\jakarta.annotation-api-2.1.1.jar;C:\Users\andre\.m2\repository\org\yaml\snakeyaml\2.4\snakeyaml-2.4.jar;C:\Users\andre\.m2\repository\org\springframework\boot\spring-boot-starter-json\3.5.3\spring-boot-starter-json-3.5.3.jar;C:\Users\andre\.m2\repository\com\fasterxml\jackson\core\jackson-databind\2.19.1\jackson-databind-2.19.1.jar;C:\Users\andre\.m2\repository\com\fasterxml\jackson\core\jackson-annotations\2.19.1\jackson-annotations-2.19.1.jar;C:\Users\andre\.m2\repository\com\fasterxml\jackson\core\jackson-core\2.19.1\jackson-core-2.19.1.jar;C:\Users\andre\.m2\repository\com\fasterxml\jackson\datatype\jackson-datatype-jdk8\2.19.1\jackson-datatype-jdk8-2.19.1.jar;C:\Users\andre\.m2\repository\com\fasterxml\jackson\datatype\jackson-datatype-jsr310\2.19.1\jackson-datatype-jsr310-2.19.1.jar;C:\Users\andre\.m2\repository\com\fasterxml\jackson\module\jackson-module-parameter-names\2.19.1\jackson-module-parameter-names-2.19.1.jar;C:\Users\andre\.m2\repository\org\springframework\boot\spring-boot-starter-tomcat\3.5.3\spring-boot-starter-tomcat-3.5.3.jar;C:\Users\andre\.m2\repository\org\apache\tomcat\embed\tomcat-embed-core\10.1.42\tomcat-embed-core-10.1.42.jar;C:\Users\andre\.m2\repository\org\apache\tomcat\embed\tomcat-embed-el\10.1.42\tomcat-embed-el-10.1.42.jar;C:\Users\andre\.m2\repository\org\apache\tomcat\embed\tomcat-embed-websocket\10.1.42\tomcat-embed-websocket-10.1.42.jar;C:\Users\andre\.m2\repository\org\springframework\spring-web\6.2.8\spring-web-6.2.8.jar;C:\Users\andre\.m2\repository\org\springframework\spring-beans\6.2.8\spring-beans-6.2.8.jar;C:\Users\andre\.m2\repository\io\micrometer\micrometer-observation\1.15.1\micrometer-observation-1.15.1.jar;C:\Users\andre\.m2\repository\io\micrometer\micrometer-commons\1.15.1\micrometer-commons-1.15.1.jar;C:\Users\andre\.m2\repository\org\springframework\spring-webmvc\6.2.8\spring-webmvc-6.2.8.jar;C:\Users\andre\.m2\repository\org\springframework\spring-aop\6.2.8\spring-aop-6.2.8.jar;C:\Users\andre\.m2\repository\org\springframework\spring-context\6.2.8\spring-context-6.2.8.jar;C:\Users\andre\.m2\repository\org\springframework\spring-expression\6.2.8\spring-expression-6.2.8.jar;C:\Users\andre\.m2\repository\org\springframework\boot\spring-boot-devtools\3.5.3\spring-boot-devtools-3.5.3.jar;C:\Users\andre\.m2\repository\org\springframework\boot\spring-boot\3.5.3\spring-boot-3.5.3.jar;C:\Users\andre\.m2\repository\org\springframework\boot\spring-boot-autoconfigure\3.5.3\spring-boot-autoconfigure-3.5.3.jar;C:\Users\andre\.m2\repository\org\slf4j\slf4j-api\2.0.17\slf4j-api-2.0.17.jar;C:\Users\andre\.m2\repository\org\springframework\spring-core\6.2.8\spring-core-6.2.8.jar;C:\Users\andre\.m2\repository\org\springframework\spring-jcl\6.2.8\spring-jcl-6.2.8.jar
Launcher Type: SUN_STANDARD

[Global flags]
     intx CICompilerCount                          = 12                                        {product} {ergonomic}
     uint ConcGCThreads                            = 3                                         {product} {ergonomic}
     bool FlightRecorder                           = true                                      {product} {management}
     uint G1ConcRefinementThreads                  = 13                                        {product} {ergonomic}
   size_t G1HeapRegionSize                         = 2097152                                   {product} {ergonomic}
   size_t InitialHeapSize                          = 165675008                                 {product} {ergonomic}
     bool ManagementServer                         = true                                      {product} {command line}
   size_t MarkStackSize                            = 4194304                                   {product} {ergonomic}
   size_t MarkStackSizeMax                         = 536870912                                 {product} {ergonomic}
   size_t MaxHeapSize                              = 2644508672                                {product} {ergonomic}
   size_t MaxNewSize                               = 1585446912                                {product} {ergonomic}
   size_t MinHeapDeltaBytes                        = 2097152                                   {product} {ergonomic}
   size_t MinHeapSize                              = 8388608                                   {product} {ergonomic}
    uintx NonNMethodCodeHeapSize                   = 4096                                   {pd product} {ergonomic}
    uintx NonProfiledCodeHeapSize                  = 0                                      {pd product} {ergonomic}
     bool ProfileInterpreter                       = false                                  {pd product} {command line}
    uintx ProfiledCodeHeapSize                     = 0                                      {pd product} {ergonomic}
   size_t SoftMaxHeapSize                          = 2644508672                             {manageable} {ergonomic}
     intx TieredStopAtLevel                        = 1                                         {product} {command line}
     bool UseCompressedOops                        = true                           {product lp64_product} {ergonomic}
     bool UseG1GC                                  = true                                      {product} {ergonomic}
     bool UseLargePagesIndividualAllocation        = false                                  {pd product} {ergonomic}

Logging:
Log output configuration:
 #0: stdout all=warning uptime,level,tags foldmultilines=false
 #1: stderr all=off uptime,level,tags foldmultilines=false

Environment Variables:
PATH=C:\Program Files\Common Files\Oracle\Java\javapath;C:\Program Files (x86)\Common Files\Oracle\Java\java8path;C:\Program Files (x86)\Common Files\Oracle\Java\javapath;C:\Windows\system32;C:\Windows;C:\Windows\System32\Wbem;C:\Windows\System32\WindowsPowerShell\v1.0\;C:\Windows\System32\OpenSSH\;C:\MinGW\bin;C:\Program Files\dotnet\;C:\Program Files\Git\cmd;C:\Program Files\nodejs\;C:\Users\andre\AppData\Local\Microsoft\WindowsApps;C:\Users\andre\AppData\Local\Programs\Microsoft VS Code\bin;C:\Users\andre\AppData\Local\GitHubDesktop\bin;C:\Users\andre\.dotnet\tools;C:\Users\andre\AppData\Roaming\npm
USERNAME=andre
OS=Windows_NT
PROCESSOR_IDENTIFIER=AMD64 Family 23 Model 104 Stepping 1, AuthenticAMD
TMP=C:\Users\andre\AppData\Local\Temp
TEMP=C:\Users\andre\AppData\Local\Temp




Periodic native trim disabled

---------------  S Y S T E M  ---------------

OS:
 Windows 10 , 64 bit Build 19041 (10.0.19041.5915)
OS uptime: 0 days 16:24 hours

CPU: total 16 (initial active 16) (16 cores per cpu, 2 threads per core) family 23 model 104 stepping 1 microcode 0x0, cx8, cmov, fxsr, ht, mmx, 3dnowpref, sse, sse2, sse3, ssse3, sse4a, sse4.1, sse4.2, popcnt, lzcnt, tsc, tscinvbit, avx, avx2, aes, clmul, bmi1, bmi2, adx, sha, fma, vzeroupper, clflush, clflushopt, rdtscp, rdpid, f16c
Processor Information for the first 16 processors :
  Max Mhz: 1801, Current Mhz: 1801, Mhz Limit: 1801

Memory: 4k page, system-wide physical 10085M (1640M free)
TotalPageFile size 16644M (AvailPageFile size 2369M)
current process WorkingSet (physical memory assigned to process): 152M, peak: 152M
current process commit charge ("private bytes"): 227M, peak: 290M

vm_info: Java HotSpot(TM) 64-Bit Server VM (24+36-3646) for windows-amd64 JRE (24+36-3646), built on 2025-02-06T00:20:43Z with MS VC++ 17.6 (VS2022)

END.
